Server running on port: 3000
MONGODB CONNECTED: localhost
Socket authenticated for user: ram (69b409bc6e603a0a7dd66f23)
A user connected ram
Socket authenticated for user: ram (69b409bc6e603a0a7dd66f23)
A user connected ram
A user disconnected ram
A user disconnected ram
Socket authenticated for user: ram (69b409bc6e603a0a7dd66f23)
A user connected ram
A user disconnected ram
Socket authenticated for user: shreya (69b3e1ebe273ad96d536d19f)
A user connected shreya
A user disconnected shreya
Socket authenticated for user: shreya (69b3e1ebe273ad96d536d19f)
A user connected shreya
A user disconnected shreya
Socket authenticated for user: shreya (69b3e1ebe273ad96d536d19f)
A user connected shreya
A user disconnected shreya
Socket authenticated for user: shreya (69b3e1ebe273ad96d536d19f)
A user connected shreya
A user disconnected shreya
Socket authenticated for user: shreya (69b3e1ebe273ad96d536d19f)
A user connected shreya
A user disconnected shreya
Socket authenticated for user: shreya (69b3e1ebe273ad96d536d19f)
A user connected shreya
A user disconnected shreya
Socket authenticated for user: shreya (69b3e1ebe273ad96d536d19f)
A user connected shreya
A user disconnected shreya
Socket authenticated for user: shreya (69b3e1ebe273ad96d536d19f)
A user connected shreya
A user disconnected shreya
Socket authenticated for user: shreya (69b3e1ebe273ad96d536d19f)
A user connected shreya
A user disconnected shreya
Socket authenticated for user: shreya (69b3e1ebe273ad96d536d19f)
A user connected shreya
A user disconnected shreya
Socket authenticated for user: shreya (69b3e1ebe273ad96d536d19f)
A user connected shreya
A user disconnected shreya
Socket authenticated for user: shreya (69b3e1ebe273ad96d536d19f)
A user connected shreya
A user disconnected shreya
Socket authenticated for user: shreya (69b3e1ebe273ad96d536d19f)
A user connected shreya
A user disconnected shreya
Socket authenticated for user: shreya (69b3e1ebe273ad96d536d19f)
A user connected shreya
Socket authenticated for user: shreya (69b3e1ebe273ad96d536d19f)
A user connected shreya
Socket authenticated for user: shreya (69b3e1ebe273ad96d536d19f)
A user connected shreya
Socket authenticated for user: shreya (69b3e1ebe273ad96d536d19f)
A user connected shreya
A user disconnected shreya
A user disconnected shreya
A user disconnected shreya
A user disconnected shreya
Socket authenticated for user: shreya (69b3e1ebe273ad96d536d19f)
A user connected shreya
Socket authenticated for user: shreya (69b3e1ebe273ad96d536d19f)
A user connected shreya
A user disconnected shreya
Socket authenticated for user: radha (69b42bd135ecad91c32f39f9)
A user connected radha
A user disconnected shreya
Socket authenticated for user: shreya (69b3e1ebe273ad96d536d19f)
A user connected shreya
A user disconnected shreya
Socket authenticated for user: shreya (69b3e1ebe273ad96d536d19f)
A user connected shreya
A user disconnected shreya
A user disconnected radha
Socket authenticated for user: radha (69b42bd135ecad91c32f39f9)
A user connected radha
A user disconnected radha
Socket authenticated for user: radha (69b42bd135ecad91c32f39f9)
A user connected radha
A user disconnected radha
